<?xml version="1.0" encoding="UTF-8"?>
<testng-results skipped="0" failed="0" total="1" passed="1">
  <reporter-output>
  </reporter-output>
  <suite name="Default suite" duration-ms="31310" started-at="2018-09-15T13:42:15Z" finished-at="2018-09-15T13:42:46Z">
    <groups>
    </groups>
    <test name="Default test" duration-ms="31310" started-at="2018-09-15T13:42:15Z" finished-at="2018-09-15T13:42:46Z">
      <class name="tests.NewTest">
        <test-method status="PASS" signature="yahooLoginTest()[pri:0, instance:tests.NewTest@4af044]" name="yahooLoginTest" duration-ms="31285" started-at="2018-09-15T19:12:15Z" finished-at="2018-09-15T19:12:46Z">
          <reporter-output>
          </reporter-output>
        </test-method> <!-- yahooLoginTest -->
      </class> <!-- tests.NewTest -->
    </test> <!-- Default test -->
  </suite> <!-- Default suite -->
</testng-results>
